This file contains any messages produced by compilers while
running configure, to aid debugging if configure makes a mistake.

It was created by libpng configure 1.2.32, which was
generated by GNU Autoconf 2.62.  Invocation command line was

  $ ./configure --prefix=/Users/tom/svn/7.3/jive/squeezeplay//build/osx

## --------- ##
## Platform. ##
## --------- ##

hostname = tomwmac1-2.local
uname -m = i386
uname -r = 9.5.0
uname -s = Darwin
uname -v = Darwin Kernel Version 9.5.0: Wed Sep  3 11:29:43 PDT 2008; root:xnu-1228.7.58~1/RELEASE_I386

/usr/bin/uname -p = i386
/bin/uname -X     = unknown

/bin/arch              = unknown
/usr/bin/arch -k       = unknown
/usr/convex/getsysinfo = unknown
/usr/bin/hostinfo      = Mach kernel version:
	 Darwin Kernel Version 9.5.0: Wed Sep  3 11:29:43 PDT 2008; root:xnu-1228.7.58~1/RELEASE_I386
Kernel configured for up to 2 processors.
2 processors are physically available.
2 processors are logically available.
Processor type: i486 (Intel 80486)
Processors active: 0 1
Primary memory available: 4.00 gigabytes
Default processor set: 108 tasks, 445 threads, 2 processors
Load average: 1.10, Mach factor: 1.19
/bin/machine           = unknown
/usr/bin/oslevel       = unknown
/bin/universe          = unknown

PATH: /usr/bin
PATH: /bin
PATH: /usr/sbin
PATH: /sbin
PATH: /usr/local/bin
PATH: /usr/X11/bin
PATH: /opt/local/bin/
PATH: /Users/bklaas/bin


## ----------- ##
## Core tests. ##
## ----------- ##

configure:2091: checking for a BSD-compatible install
configure:2159: result: /usr/bin/install -c
configure:2170: checking whether build environment is sane
configure:2213: result: yes
configure:2238: checking for a thread-safe mkdir -p
configure:2277: result: ./install-sh -c -d
configure:2290: checking for gawk
configure:2306: found /opt/local/bin//gawk
configure:2317: result: gawk
configure:2328: checking whether make sets $(MAKE)
configure:2350: result: yes
configure:2538: checking whether to enable maintainer-specific portions of Makefiles
configure:2547: result: no
configure:2620: checking for gcc
configure:2636: found /usr/bin/gcc
configure:2647: result: gcc
configure:2885: checking for C compiler version
configure:2893: gcc --version >&5
i686-apple-darwin9-gcc-4.0.1 (GCC) 4.0.1 (Apple Inc. build 5484)
Copyright (C) 2005 Free Software Foundation, Inc.
This is free software; see the source for copying conditions.  There is NO
warranty; not even for MERCHANTABILITY or FITNESS FOR A PARTICULAR PURPOSE.

configure:2897: $? = 0
configure:2904: gcc -v >&5
Using built-in specs.
Target: i686-apple-darwin9
Configured with: /var/tmp/gcc/gcc-5484~1/src/configure --disable-checking -enable-werror --prefix=/usr --mandir=/share/man --enable-languages=c,objc,c++,obj-c++ --program-transform-name=/^[cg][^.-]*$/s/$/-4.0/ --with-gxx-include-dir=/include/c++/4.0.0 --with-slibdir=/usr/lib --build=i686-apple-darwin9 --with-arch=apple --with-tune=generic --host=i686-apple-darwin9 --target=i686-apple-darwin9
Thread model: posix
gcc version 4.0.1 (Apple Inc. build 5484)
configure:2908: $? = 0
configure:2915: gcc -V >&5
gcc-4.0: argument to `-V' is missing
configure:2919: $? = 1
configure:2942: checking for C compiler default output file name
configure:2964: gcc -I/Users/tom/svn/7.3/jive/squeezeplay//build/osx/include -I/Users/tom/svn/7.3/jive/squeezeplay//build/osx/include/SDL -I/opt/local/include -g  -L/Users/tom/svn/7.3/jive/squeezeplay//build/osx/lib -L/opt/local/lib conftest.c  >&5
configure:2968: $? = 0
configure:3006: result: a.out
configure:3023: checking whether the C compiler works
configure:3033: ./a.out
configure:3037: $? = 0
configure:3054: result: yes
configure:3061: checking whether we are cross compiling
configure:3063: result: no
configure:3066: checking for suffix of executables
configure:3073: gcc -o conftest -I/Users/tom/svn/7.3/jive/squeezeplay//build/osx/include -I/Users/tom/svn/7.3/jive/squeezeplay//build/osx/include/SDL -I/opt/local/include -g  -L/Users/tom/svn/7.3/jive/squeezeplay//build/osx/lib -L/opt/local/lib conftest.c  >&5
configure:3077: $? = 0
configure:3101: result: 
configure:3107: checking for suffix of object files
configure:3133: gcc -c -I/Users/tom/svn/7.3/jive/squeezeplay//build/osx/include -I/Users/tom/svn/7.3/jive/squeezeplay//build/osx/include/SDL -I/opt/local/include -g  conftest.c >&5
configure:3137: $? = 0
configure:3160: result: o
configure:3164: checking whether we are using the GNU C compiler
configure:3193: gcc -c -I/Users/tom/svn/7.3/jive/squeezeplay//build/osx/include -I/Users/tom/svn/7.3/jive/squeezeplay//build/osx/include/SDL -I/opt/local/include -g  conftest.c >&5
configure:3200: $? = 0
configure:3217: result: yes
configure:3226: checking whether gcc accepts -g
configure:3256: gcc -c -g  conftest.c >&5
configure:3263: $? = 0
configure:3364: result: yes
configure:3381: checking for gcc option to accept ISO C89
configure:3455: gcc  -c -I/Users/tom/svn/7.3/jive/squeezeplay//build/osx/include -I/Users/tom/svn/7.3/jive/squeezeplay//build/osx/include/SDL -I/opt/local/include -g  conftest.c >&5
configure:3462: $? = 0
configure:3485: result: none needed
configure:3514: checking for style of include used by make
configure:3542: result: GNU
configure:3567: checking dependency style of gcc
configure:3658: result: gcc3
configure:3679: checking build system type
configure:3697: result: i386-apple-darwin9.5.0
configure:3719: checking host system type
configure:3734: result: i386-apple-darwin9.5.0
configure:3756: checking for a sed that does not truncate output
configure:3822: result: /usr/bin/sed
configure:3840: checking for grep that handles long lines and -e
configure:3900: result: /usr/bin/grep
configure:3905: checking for egrep
configure:3969: result: /usr/bin/grep -E
configure:3974: checking for fgrep
configure:4038: result: /usr/bin/grep -F
configure:4073: checking for ld used by gcc
configure:4140: result: /usr/libexec/gcc/i686-apple-darwin9/4.0.1/ld
configure:4149: checking if the linker (/usr/libexec/gcc/i686-apple-darwin9/4.0.1/ld) is GNU ld
configure:4164: result: no
configure:4181: checking how to run the C preprocessor
configure:4221: gcc -E  conftest.c
configure:4228: $? = 0
configure:4259: gcc -E  conftest.c
conftest.c:10:28: error: ac_nonexistent.h: No such file or directory
configure:4266: $? = 1
configure: failed program was:
| /* confdefs.h.  */
| #define PACKAGE_NAME "libpng"
| #define PACKAGE_TARNAME "libpng"
| #define PACKAGE_VERSION "1.2.32"
| #define PACKAGE_STRING "libpng 1.2.32"
| #define PACKAGE_BUGREPORT "png-mng-implement@lists.sourceforge.net"
| #define PACKAGE "libpng"
| #define VERSION "1.2.32"
| /* end confdefs.h.  */
| #include <ac_nonexistent.h>
configure:4299: result: gcc -E
configure:4328: gcc -E  conftest.c
configure:4335: $? = 0
configure:4366: gcc -E  conftest.c
conftest.c:10:28: error: ac_nonexistent.h: No such file or directory
configure:4373: $? = 1
configure: failed program was:
| /* confdefs.h.  */
| #define PACKAGE_NAME "libpng"
| #define PACKAGE_TARNAME "libpng"
| #define PACKAGE_VERSION "1.2.32"
| #define PACKAGE_STRING "libpng 1.2.32"
| #define PACKAGE_BUGREPORT "png-mng-implement@lists.sourceforge.net"
| #define PACKAGE "libpng"
| #define VERSION "1.2.32"
| /* end confdefs.h.  */
| #include <ac_nonexistent.h>
configure:4453: checking for sed
configure:4480: result: /usr/bin/sed
configure:4835: checking for a BSD-compatible install
configure:4903: result: /usr/bin/install -c
configure:4914: checking whether ln -s works
configure:4918: result: yes
configure:4925: checking whether make sets $(MAKE)
configure:4947: result: yes
configure:4981: checking for BSD- or MS-compatible name lister (nm)
configure:5030: result: /usr/bin/nm -p
configure:5152: checking the name lister (/usr/bin/nm -p) interface
configure:5159: gcc -c -I/Users/tom/svn/7.3/jive/squeezeplay//build/osx/include -I/Users/tom/svn/7.3/jive/squeezeplay//build/osx/include/SDL -I/opt/local/include -g  conftest.c >&5
configure:5162: /usr/bin/nm -p "conftest.o"
configure:5165: output
0000017c D _some_variable
configure:5172: result: BSD nm
configure:5176: checking the maximum length of command line arguments
configure:5296: result: 196608
configure:5313: checking whether the shell understands some XSI constructs
configure:5323: result: yes
configure:5327: checking whether the shell understands "+="
configure:5333: result: yes
configure:5368: checking for /usr/libexec/gcc/i686-apple-darwin9/4.0.1/ld option to reload object files
configure:5375: result: -r
configure:5402: checking how to recognize dependent libraries
configure:5592: result: pass_all
configure:5652: checking for ar
configure:5668: found /usr/bin/ar
configure:5679: result: ar
configure:5761: checking for strip
configure:5777: found /usr/bin/strip
configure:5788: result: strip
configure:5864: checking for ranlib
configure:5880: found /usr/bin/ranlib
configure:5891: result: ranlib
configure:5985: checking command to parse /usr/bin/nm -p output from gcc object
configure:6103: gcc -c -I/Users/tom/svn/7.3/jive/squeezeplay//build/osx/include -I/Users/tom/svn/7.3/jive/squeezeplay//build/osx/include/SDL -I/opt/local/include -g  conftest.c >&5
configure:6106: $? = 0
configure:6110: /usr/bin/nm -p conftest.o \| sed -n -e 's/^.*[	 ]\([BCDEGRST][BCDEGRST]*\)[	 ][	 ]*\([_A-Za-z][_A-Za-z0-9]*\)$/\1 \2 \2/p' \> conftest.nm
configure:6113: $? = 0
cannot find nm_test_var in conftest.nm
configure:6103: gcc -c -I/Users/tom/svn/7.3/jive/squeezeplay//build/osx/include -I/Users/tom/svn/7.3/jive/squeezeplay//build/osx/include/SDL -I/opt/local/include -g  conftest.c >&5
configure:6106: $? = 0
configure:6110: /usr/bin/nm -p conftest.o \| sed -n -e 's/^.*[	 ]\([BCDEGRST][BCDEGRST]*\)[	 ][	 ]*_\([_A-Za-z][_A-Za-z0-9]*\)$/\1 _\2 \2/p' \> conftest.nm
configure:6113: $? = 0
configure:6167: gcc -o conftest -I/Users/tom/svn/7.3/jive/squeezeplay//build/osx/include -I/Users/tom/svn/7.3/jive/squeezeplay//build/osx/include/SDL -I/opt/local/include -g  -L/Users/tom/svn/7.3/jive/squeezeplay//build/osx/lib -L/opt/local/lib conftest.c conftstm.o >&5
configure:6170: $? = 0
configure:6208: result: ok
configure:6502: checking for dsymutil
configure:6518: found /usr/bin/dsymutil
configure:6529: result: dsymutil
configure:6598: checking for nmedit
configure:6614: found /usr/bin/nmedit
configure:6625: result: nmedit
configure:6694: checking for lipo
configure:6710: found /usr/bin/lipo
configure:6721: result: lipo
configure:6763: checking for -single_module linker flag
gcc -I/Users/tom/svn/7.3/jive/squeezeplay//build/osx/include -I/Users/tom/svn/7.3/jive/squeezeplay//build/osx/include/SDL -I/opt/local/include -g -L/Users/tom/svn/7.3/jive/squeezeplay//build/osx/lib -L/opt/local/lib -o libconftest.dylib -dynamiclib -Wl,-single_module conftest.c
configure:6790: result: yes
configure:6792: checking for -exported_symbols_list linker flag
configure:6822: gcc -o conftest -I/Users/tom/svn/7.3/jive/squeezeplay//build/osx/include -I/Users/tom/svn/7.3/jive/squeezeplay//build/osx/include/SDL -I/opt/local/include -g  -L/Users/tom/svn/7.3/jive/squeezeplay//build/osx/lib -L/opt/local/lib -Wl,-exported_symbols_list,conftest.sym conftest.c  >&5
configure:6829: $? = 0
configure:6851: result: yes
configure:6889: checking for ANSI C header files
configure:6919: gcc -c -I/Users/tom/svn/7.3/jive/squeezeplay//build/osx/include -I/Users/tom/svn/7.3/jive/squeezeplay//build/osx/include/SDL -I/opt/local/include -g  conftest.c >&5
configure:6926: $? = 0
configure:7025: gcc -o conftest -I/Users/tom/svn/7.3/jive/squeezeplay//build/osx/include -I/Users/tom/svn/7.3/jive/squeezeplay//build/osx/include/SDL -I/opt/local/include -g  -L/Users/tom/svn/7.3/jive/squeezeplay//build/osx/lib -L/opt/local/lib conftest.c  >&5
configure:7029: $? = 0
configure:7035: ./conftest
configure:7039: $? = 0
configure:7057: result: yes
configure:7081: checking for sys/types.h
configure:7102: gcc -c -I/Users/tom/svn/7.3/jive/squeezeplay//build/osx/include -I/Users/tom/svn/7.3/jive/squeezeplay//build/osx/include/SDL -I/opt/local/include -g  conftest.c >&5
configure:7109: $? = 0
configure:7126: result: yes
configure:7081: checking for sys/stat.h
configure:7102: gcc -c -I/Users/tom/svn/7.3/jive/squeezeplay//build/osx/include -I/Users/tom/svn/7.3/jive/squeezeplay//build/osx/include/SDL -I/opt/local/include -g  conftest.c >&5
configure:7109: $? = 0
configure:7126: result: yes
configure:7081: checking for stdlib.h
configure:7102: gcc -c -I/Users/tom/svn/7.3/jive/squeezeplay//build/osx/include -I/Users/tom/svn/7.3/jive/squeezeplay//build/osx/include/SDL -I/opt/local/include -g  conftest.c >&5
configure:7109: $? = 0
configure:7126: result: yes
configure:7081: checking for string.h
configure:7102: gcc -c -I/Users/tom/svn/7.3/jive/squeezeplay//build/osx/include -I/Users/tom/svn/7.3/jive/squeezeplay//build/osx/include/SDL -I/opt/local/include -g  conftest.c >&5
configure:7109: $? = 0
configure:7126: result: yes
configure:7081: checking for memory.h
configure:7102: gcc -c -I/Users/tom/svn/7.3/jive/squeezeplay//build/osx/include -I/Users/tom/svn/7.3/jive/squeezeplay//build/osx/include/SDL -I/opt/local/include -g  conftest.c >&5
configure:7109: $? = 0
configure:7126: result: yes
configure:7081: checking for strings.h
configure:7102: gcc -c -I/Users/tom/svn/7.3/jive/squeezeplay//build/osx/include -I/Users/tom/svn/7.3/jive/squeezeplay//build/osx/include/SDL -I/opt/local/include -g  conftest.c >&5
configure:7109: $? = 0
configure:7126: result: yes
configure:7081: checking for inttypes.h
configure:7102: gcc -c -I/Users/tom/svn/7.3/jive/squeezeplay//build/osx/include -I/Users/tom/svn/7.3/jive/squeezeplay//build/osx/include/SDL -I/opt/local/include -g  conftest.c >&5
configure:7109: $? = 0
configure:7126: result: yes
configure:7081: checking for stdint.h
configure:7102: gcc -c -I/Users/tom/svn/7.3/jive/squeezeplay//build/osx/include -I/Users/tom/svn/7.3/jive/squeezeplay//build/osx/include/SDL -I/opt/local/include -g  conftest.c >&5
configure:7109: $? = 0
configure:7126: result: yes
configure:7081: checking for unistd.h
configure:7102: gcc -c -I/Users/tom/svn/7.3/jive/squeezeplay//build/osx/include -I/Users/tom/svn/7.3/jive/squeezeplay//build/osx/include/SDL -I/opt/local/include -g  conftest.c >&5
configure:7109: $? = 0
configure:7126: result: yes
configure:7143: checking for dlfcn.h
configure:7164: gcc -c -I/Users/tom/svn/7.3/jive/squeezeplay//build/osx/include -I/Users/tom/svn/7.3/jive/squeezeplay//build/osx/include/SDL -I/opt/local/include -g  conftest.c >&5
configure:7171: $? = 0
configure:7188: result: yes
configure:7371: checking for objdir
configure:7386: result: .libs
configure:7678: checking if gcc supports -fno-rtti -fno-exceptions
configure:7696: gcc -c -I/Users/tom/svn/7.3/jive/squeezeplay//build/osx/include -I/Users/tom/svn/7.3/jive/squeezeplay//build/osx/include/SDL -I/opt/local/include -g  -fno-rtti -fno-exceptions conftest.c >&5
cc1: warning: command line option "-fno-rtti" is valid for C++/ObjC++ but not for C
configure:7700: $? = 0
configure:7713: result: no
configure:7733: checking for gcc option to produce PIC
configure:7990: result: -fno-common -DPIC
configure:8002: checking if gcc PIC flag -fno-common -DPIC works
configure:8020: gcc -c -I/Users/tom/svn/7.3/jive/squeezeplay//build/osx/include -I/Users/tom/svn/7.3/jive/squeezeplay//build/osx/include/SDL -I/opt/local/include -g  -fno-common -DPIC -DPIC conftest.c >&5
configure:8024: $? = 0
configure:8037: result: yes
configure:8061: checking if gcc static flag -static works
configure:8089: result: no
configure:8104: checking if gcc supports -c -o file.o
configure:8125: gcc -c -I/Users/tom/svn/7.3/jive/squeezeplay//build/osx/include -I/Users/tom/svn/7.3/jive/squeezeplay//build/osx/include/SDL -I/opt/local/include -g  -o out/conftest2.o conftest.c >&5
configure:8129: $? = 0
configure:8151: result: yes
configure:8159: checking if gcc supports -c -o file.o
configure:8206: result: yes
configure:8239: checking whether the gcc linker (/usr/libexec/gcc/i686-apple-darwin9/4.0.1/ld) supports shared libraries
configure:9305: result: yes
configure:9544: checking dynamic linker characteristics
configure:10227: result: darwin9.5.0 dyld
configure:10329: checking how to hardcode library paths into programs
configure:10354: result: immediate
configure:11195: checking whether stripping libraries is possible
configure:11209: result: yes
configure:11235: checking if libtool supports shared libraries
configure:11237: result: yes
configure:11240: checking whether to build shared libraries
configure:11261: result: yes
configure:11264: checking whether to build static libraries
configure:11268: result: yes
configure:11305: checking for ANSI C header files
configure:11473: result: yes
configure:11502: checking malloc.h usability
configure:11519: gcc -c -I/Users/tom/svn/7.3/jive/squeezeplay//build/osx/include -I/Users/tom/svn/7.3/jive/squeezeplay//build/osx/include/SDL -I/opt/local/include -g  conftest.c >&5
conftest.c:56:20: error: malloc.h: No such file or directory
configure:11526: $? = 1
configure: failed program was:
| /* confdefs.h.  */
| #define PACKAGE_NAME "libpng"
| #define PACKAGE_TARNAME "libpng"
| #define PACKAGE_VERSION "1.2.32"
| #define PACKAGE_STRING "libpng 1.2.32"
| #define PACKAGE_BUGREPORT "png-mng-implement@lists.sourceforge.net"
| #define PACKAGE "libpng"
| #define VERSION "1.2.32"
| #define STDC_HEADERS 1
| #define HAVE_SYS_TYPES_H 1
| #define HAVE_SYS_STAT_H 1
| #define HAVE_STDLIB_H 1
| #define HAVE_STRING_H 1
| #define HAVE_MEMORY_H 1
| #define HAVE_STRINGS_H 1
| #define HAVE_INTTYPES_H 1
| #define HAVE_STDINT_H 1
| #define HAVE_UNISTD_H 1
| #define HAVE_DLFCN_H 1
| #define LT_OBJDIR ".libs/"
| #define STDC_HEADERS 1
| /* end confdefs.h.  */
| #include <stdio.h>
| #ifdef HAVE_SYS_TYPES_H
| # include <sys/types.h>
| #endif
| #ifdef HAVE_SYS_STAT_H
| # include <sys/stat.h>
| #endif
| #ifdef STDC_HEADERS
| # include <stdlib.h>
| # include <stddef.h>
| #else
| # ifdef HAVE_STDLIB_H
| #  include <stdlib.h>
| # endif
| #endif
| #ifdef HAVE_STRING_H
| # if !defined STDC_HEADERS && defined HAVE_MEMORY_H
| #  include <memory.h>
| # endif
| # include <string.h>
| #endif
| #ifdef HAVE_STRINGS_H
| # include <strings.h>
| #endif
| #ifdef HAVE_INTTYPES_H
| # include <inttypes.h>
| #endif
| #ifdef HAVE_STDINT_H
| # include <stdint.h>
| #endif
| #ifdef HAVE_UNISTD_H
| # include <unistd.h>
| #endif
| #include <malloc.h>
configure:11540: result: no
configure:11544: checking malloc.h presence
configure:11559: gcc -E  conftest.c
conftest.c:23:20: error: malloc.h: No such file or directory
configure:11566: $? = 1
configure: failed program was:
| /* confdefs.h.  */
| #define PACKAGE_NAME "libpng"
| #define PACKAGE_TARNAME "libpng"
| #define PACKAGE_VERSION "1.2.32"
| #define PACKAGE_STRING "libpng 1.2.32"
| #define PACKAGE_BUGREPORT "png-mng-implement@lists.sourceforge.net"
| #define PACKAGE "libpng"
| #define VERSION "1.2.32"
| #define STDC_HEADERS 1
| #define HAVE_SYS_TYPES_H 1
| #define HAVE_SYS_STAT_H 1
| #define HAVE_STDLIB_H 1
| #define HAVE_STRING_H 1
| #define HAVE_MEMORY_H 1
| #define HAVE_STRINGS_H 1
| #define HAVE_INTTYPES_H 1
| #define HAVE_STDINT_H 1
| #define HAVE_UNISTD_H 1
| #define HAVE_DLFCN_H 1
| #define LT_OBJDIR ".libs/"
| #define STDC_HEADERS 1
| /* end confdefs.h.  */
| #include <malloc.h>
configure:11580: result: no
configure:11613: checking for malloc.h
configure:11622: result: no
configure:11491: checking for stdlib.h
configure:11498: result: yes
configure:11491: checking for string.h
configure:11498: result: yes
configure:11491: checking for strings.h
configure:11498: result: yes
configure:11638: checking for an ANSI C-conforming const
configure:11713: gcc -c -I/Users/tom/svn/7.3/jive/squeezeplay//build/osx/include -I/Users/tom/svn/7.3/jive/squeezeplay//build/osx/include/SDL -I/opt/local/include -g  conftest.c >&5
configure:11720: $? = 0
configure:11735: result: yes
configure:11745: checking for size_t
configure:11773: gcc -c -I/Users/tom/svn/7.3/jive/squeezeplay//build/osx/include -I/Users/tom/svn/7.3/jive/squeezeplay//build/osx/include/SDL -I/opt/local/include -g  conftest.c >&5
configure:11780: $? = 0
configure:11807: gcc -c -I/Users/tom/svn/7.3/jive/squeezeplay//build/osx/include -I/Users/tom/svn/7.3/jive/squeezeplay//build/osx/include/SDL -I/opt/local/include -g  conftest.c >&5
conftest.c: In function 'main':
conftest.c:62: error: syntax error before ')' token
configure:11814: $? = 1
configure: failed program was:
| /* confdefs.h.  */
| #define PACKAGE_NAME "libpng"
| #define PACKAGE_TARNAME "libpng"
| #define PACKAGE_VERSION "1.2.32"
| #define PACKAGE_STRING "libpng 1.2.32"
| #define PACKAGE_BUGREPORT "png-mng-implement@lists.sourceforge.net"
| #define PACKAGE "libpng"
| #define VERSION "1.2.32"
| #define STDC_HEADERS 1
| #define HAVE_SYS_TYPES_H 1
| #define HAVE_SYS_STAT_H 1
| #define HAVE_STDLIB_H 1
| #define HAVE_STRING_H 1
| #define HAVE_MEMORY_H 1
| #define HAVE_STRINGS_H 1
| #define HAVE_INTTYPES_H 1
| #define HAVE_STDINT_H 1
| #define HAVE_UNISTD_H 1
| #define HAVE_DLFCN_H 1
| #define LT_OBJDIR ".libs/"
| #define STDC_HEADERS 1
| #define HAVE_STDLIB_H 1
| #define HAVE_STRING_H 1
| #define HAVE_STRINGS_H 1
| /* end confdefs.h.  */
| #include <stdio.h>
| #ifdef HAVE_SYS_TYPES_H
| # include <sys/types.h>
| #endif
| #ifdef HAVE_SYS_STAT_H
| # include <sys/stat.h>
| #endif
| #ifdef STDC_HEADERS
| # include <stdlib.h>
| # include <stddef.h>
| #else
| # ifdef HAVE_STDLIB_H
| #  include <stdlib.h>
| # endif
| #endif
| #ifdef HAVE_STRING_H
| # if !defined STDC_HEADERS && defined HAVE_MEMORY_H
| #  include <memory.h>
| # endif
| # include <string.h>
| #endif
| #ifdef HAVE_STRINGS_H
| # include <strings.h>
| #endif
| #ifdef HAVE_INTTYPES_H
| # include <inttypes.h>
| #endif
| #ifdef HAVE_STDINT_H
| # include <stdint.h>
| #endif
| #ifdef HAVE_UNISTD_H
| # include <unistd.h>
| #endif
| int
| main ()
| {
| if (sizeof ((size_t)))
| 	  return 0;
|   ;
|   return 0;
| }
configure:11837: result: yes
configure:11849: checking whether struct tm is in sys/time.h or time.h
configure:11879: gcc -c -I/Users/tom/svn/7.3/jive/squeezeplay//build/osx/include -I/Users/tom/svn/7.3/jive/squeezeplay//build/osx/include/SDL -I/opt/local/include -g  conftest.c >&5
configure:11886: $? = 0
configure:11901: result: time.h
configure:11913: checking for working strtod
configure:11964: gcc -o conftest -I/Users/tom/svn/7.3/jive/squeezeplay//build/osx/include -I/Users/tom/svn/7.3/jive/squeezeplay//build/osx/include/SDL -I/opt/local/include -g  -L/Users/tom/svn/7.3/jive/squeezeplay//build/osx/lib -L/opt/local/lib conftest.c  >&5
configure:11968: $? = 0
configure:11974: ./conftest
configure:11978: $? = 0
configure:11995: result: yes
configure:12171: checking for memset
configure:12227: gcc -o conftest -I/Users/tom/svn/7.3/jive/squeezeplay//build/osx/include -I/Users/tom/svn/7.3/jive/squeezeplay//build/osx/include/SDL -I/opt/local/include -g  -L/Users/tom/svn/7.3/jive/squeezeplay//build/osx/lib -L/opt/local/lib conftest.c  >&5
conftest.c:49: warning: conflicting types for built-in function 'memset'
configure:12234: $? = 0
configure:12256: result: yes
configure:12275: checking for pow
configure:12331: gcc -o conftest -I/Users/tom/svn/7.3/jive/squeezeplay//build/osx/include -I/Users/tom/svn/7.3/jive/squeezeplay//build/osx/include/SDL -I/opt/local/include -g  -L/Users/tom/svn/7.3/jive/squeezeplay//build/osx/lib -L/opt/local/lib conftest.c  >&5
conftest.c:50: warning: conflicting types for built-in function 'pow'
configure:12338: $? = 0
configure:12360: result: yes
configure:12452: checking for zlibVersion in -lz
configure:12487: gcc -o conftest -I/Users/tom/svn/7.3/jive/squeezeplay//build/osx/include -I/Users/tom/svn/7.3/jive/squeezeplay//build/osx/include/SDL -I/opt/local/include -g  -L/Users/tom/svn/7.3/jive/squeezeplay//build/osx/lib -L/opt/local/lib conftest.c -lz   >&5
configure:12494: $? = 0
configure:12515: result: yes
configure:12532: checking if assembler code in pnggccrd.c can be compiled without PNG_NO_MMX_CODE
configure:12555: gcc -c -I/Users/tom/svn/7.3/jive/squeezeplay//build/osx/include -I/Users/tom/svn/7.3/jive/squeezeplay//build/osx/include/SDL -I/opt/local/include -g  conftest.c >&5
configure:12562: $? = 0
configure:12567: result: yes
configure:12584: checking if libraries can be versioned
configure:12593: result: no
configure:12595: WARNING: *** You have not enabled versioned symbols.
configure:12637: pkgconfig directory is ${libdir}/pkgconfig
configure:12811: creating ./config.status

## ---------------------- ##
## Running config.status. ##
## ---------------------- ##

This file was extended by libpng config.status 1.2.32, which was
generated by GNU Autoconf 2.62.  Invocation command line was

  CONFIG_FILES    = 
  CONFIG_HEADERS  = 
  CONFIG_LINKS    = 
  CONFIG_COMMANDS = 
  $ ./config.status 

on tomwmac1-2.local

config.status:1002: creating Makefile
config.status:1002: creating libpng.pc
config.status:1002: creating libpng-config
config.status:1002: creating config.h
config.status:1276: executing depfiles commands
config.status:1276: executing libtool commands

## ---------------- ##
## Cache variables. ##
## ---------------- ##

ac_cv_build=i386-apple-darwin9.5.0
ac_cv_c_compiler_gnu=yes
ac_cv_c_const=yes
ac_cv_env_CC_set=
ac_cv_env_CC_value=
ac_cv_env_CFLAGS_set=set
ac_cv_env_CFLAGS_value='-I/Users/tom/svn/7.3/jive/squeezeplay//build/osx/include -I/Users/tom/svn/7.3/jive/squeezeplay//build/osx/include/SDL -I/opt/local/include -g'
ac_cv_env_CPPFLAGS_set=
ac_cv_env_CPPFLAGS_value=
ac_cv_env_CPP_set=
ac_cv_env_CPP_value=
ac_cv_env_LDFLAGS_set=set
ac_cv_env_LDFLAGS_value='-L/Users/tom/svn/7.3/jive/squeezeplay//build/osx/lib -L/opt/local/lib'
ac_cv_env_LIBS_set=
ac_cv_env_LIBS_value=
ac_cv_env_build_alias_set=
ac_cv_env_build_alias_value=
ac_cv_env_host_alias_set=
ac_cv_env_host_alias_value=
ac_cv_env_target_alias_set=
ac_cv_env_target_alias_value=
ac_cv_func_memset=yes
ac_cv_func_pow=yes
ac_cv_func_strtod=yes
ac_cv_header_dlfcn_h=yes
ac_cv_header_inttypes_h=yes
ac_cv_header_malloc_h=no
ac_cv_header_memory_h=yes
ac_cv_header_stdc=yes
ac_cv_header_stdint_h=yes
ac_cv_header_stdlib_h=yes
ac_cv_header_string_h=yes
ac_cv_header_strings_h=yes
ac_cv_header_sys_stat_h=yes
ac_cv_header_sys_types_h=yes
ac_cv_header_unistd_h=yes
ac_cv_host=i386-apple-darwin9.5.0
ac_cv_lib_z_zlibVersion=yes
ac_cv_objext=o
ac_cv_path_EGREP='/usr/bin/grep -E'
ac_cv_path_FGREP='/usr/bin/grep -F'
ac_cv_path_GREP=/usr/bin/grep
ac_cv_path_SED=/usr/bin/sed
ac_cv_path_install='/usr/bin/install -c'
ac_cv_prog_AWK=gawk
ac_cv_prog_CPP='gcc -E'
ac_cv_prog_ac_ct_AR=ar
ac_cv_prog_ac_ct_CC=gcc
ac_cv_prog_ac_ct_DSYMUTIL=dsymutil
ac_cv_prog_ac_ct_LIPO=lipo
ac_cv_prog_ac_ct_NMEDIT=nmedit
ac_cv_prog_ac_ct_RANLIB=ranlib
ac_cv_prog_ac_ct_SED=/usr/bin/sed
ac_cv_prog_ac_ct_STRIP=strip
ac_cv_prog_cc_c89=
ac_cv_prog_cc_g=yes
ac_cv_prog_make_make_set=yes
ac_cv_struct_tm=time.h
ac_cv_type_size_t=yes
am_cv_CC_dependencies_compiler_type=gcc3
lt_cv_apple_cc_single_mod=yes
lt_cv_deplibs_check_method=pass_all
lt_cv_file_magic_cmd='$MAGIC_CMD'
lt_cv_file_magic_test_file=
lt_cv_ld_exported_symbols_list=yes
lt_cv_ld_reload_flag=-r
lt_cv_nm_interface='BSD nm'
lt_cv_objdir=.libs
lt_cv_path_LD=/usr/libexec/gcc/i686-apple-darwin9/4.0.1/ld
lt_cv_path_NM='/usr/bin/nm -p'
lt_cv_prog_compiler_c_o=yes
lt_cv_prog_compiler_pic_works=yes
lt_cv_prog_compiler_rtti_exceptions=no
lt_cv_prog_compiler_static_works=no
lt_cv_prog_gnu_ld=no
lt_cv_sys_global_symbol_pipe='sed -n -e '\''s/^.*[	 ]\([BCDEGRST][BCDEGRST]*\)[	 ][	 ]*_\([_A-Za-z][_A-Za-z0-9]*\)$/\1 _\2 \2/p'\'''
lt_cv_sys_global_symbol_to_c_name_address='sed -n -e '\''s/^: \([^ ]*\) $/  {\"\1\", (void *) 0},/p'\'' -e '\''s/^[BCDEGRST]* \([^ ]*\) \([^ ]*\)$/  {"\2", (void *) \&\2},/p'\'''
lt_cv_sys_global_symbol_to_c_name_address_lib_prefix='sed -n -e '\''s/^: \([^ ]*\) $/  {\"\1\", (void *) 0},/p'\'' -e '\''s/^[BCDEGRST]* \([^ ]*\) \(lib[^ ]*\)$/  {"\2", (void *) \&\2},/p'\'' -e '\''s/^[BCDEGRST]* \([^ ]*\) \([^ ]*\)$/  {"lib\2", (void *) \&\2},/p'\'''
lt_cv_sys_global_symbol_to_cdecl='sed -n -e '\''s/^T .* \(.*\)$/extern int \1();/p'\'' -e '\''s/^[BCDEGRST]* .* \(.*\)$/extern char \1;/p'\'''
lt_cv_sys_max_cmd_len=196608

## ----------------- ##
## Output variables. ##
## ----------------- ##

ACLOCAL='${SHELL} /Users/tom/svn/7.3/jive/squeezeplay/src/libpng-1.2.32/missing --run aclocal-1.10'
AMDEPBACKSLASH='\'
AMDEP_FALSE='#'
AMDEP_TRUE=''
AMTAR='${SHELL} /Users/tom/svn/7.3/jive/squeezeplay/src/libpng-1.2.32/missing --run tar'
AR='ar'
AS='as'
AUTOCONF='${SHELL} /Users/tom/svn/7.3/jive/squeezeplay/src/libpng-1.2.32/missing --run autoconf'
AUTOHEADER='${SHELL} /Users/tom/svn/7.3/jive/squeezeplay/src/libpng-1.2.32/missing --run autoheader'
AUTOMAKE='${SHELL} /Users/tom/svn/7.3/jive/squeezeplay/src/libpng-1.2.32/missing --run automake-1.10'
AWK='gawk'
CC='gcc'
CCDEPMODE='depmode=gcc3'
CFLAGS='-I/Users/tom/svn/7.3/jive/squeezeplay//build/osx/include -I/Users/tom/svn/7.3/jive/squeezeplay//build/osx/include/SDL -I/opt/local/include -g'
CPP='gcc -E'
CPPFLAGS=''
CYGPATH_W='echo'
DEFS='-DHAVE_CONFIG_H'
DEPDIR='.deps'
DLLTOOL='dlltool'
DSYMUTIL='dsymutil'
DUMPBIN=''
ECHO_C='\c'
ECHO_N=''
ECHO_T=''
EGREP='/usr/bin/grep -E'
EXEEXT=''
FGREP='/usr/bin/grep -F'
GREP='/usr/bin/grep'
HAVE_LD_VERSION_SCRIPT_FALSE=''
HAVE_LD_VERSION_SCRIPT_TRUE='#'
INSTALL_DATA='${INSTALL} -m 644'
INSTALL_PROGRAM='${INSTALL}'
INSTALL_SCRIPT='${INSTALL}'
INSTALL_STRIP_PROGRAM='$(install_sh) -c -s'
LD='/usr/libexec/gcc/i686-apple-darwin9/4.0.1/ld'
LDFLAGS='-L/Users/tom/svn/7.3/jive/squeezeplay//build/osx/lib -L/opt/local/lib'
LIBOBJS=''
LIBPNG_DEFINES='-DPNG_CONFIGURE_LIBPNG '
LIBPNG_NO_MMX=''
LIBS='-lz '
LIBTOOL='$(SHELL) $(top_builddir)/libtool'
LIPO='lipo'
LN_S='ln -s'
LTLIBOBJS=''
MAINT='#'
MAINTAINER_MODE_FALSE=''
MAINTAINER_MODE_TRUE='#'
MAKEINFO='${SHELL} /Users/tom/svn/7.3/jive/squeezeplay/src/libpng-1.2.32/missing --run makeinfo'
MKDIR_P='./install-sh -c -d'
NM='/usr/bin/nm -p'
NMEDIT='nmedit'
OBJDUMP='objdump'
OBJEXT='o'
PACKAGE='libpng'
PACKAGE_BUGREPORT='png-mng-implement@lists.sourceforge.net'
PACKAGE_NAME='libpng'
PACKAGE_STRING='libpng 1.2.32'
PACKAGE_TARNAME='libpng'
PACKAGE_VERSION='1.2.32'
PATH_SEPARATOR=':'
PNGLIB_MAJOR='1'
PNGLIB_MINOR='2'
PNGLIB_RELEASE='32'
PNGLIB_VERSION='1.2.32'
POW_LIB=''
RANLIB='ranlib'
SED='/usr/bin/sed'
SET_MAKE=''
SHELL='/bin/sh'
STRIP='strip'
SYMBOL_PREFIX=''
VERSION='1.2.32'
ac_ct_CC='gcc'
ac_ct_DUMPBIN=''
am__fastdepCC_FALSE='#'
am__fastdepCC_TRUE=''
am__include='include'
am__isrc=''
am__leading_dot='.'
am__quote=''
am__tar='${AMTAR} chof - "$$tardir"'
am__untar='${AMTAR} xf -'
binconfigs='${binconfigs}'
bindir='${exec_prefix}/bin'
build='i386-apple-darwin9.5.0'
build_alias=''
build_cpu='i386'
build_os='darwin9.5.0'
build_vendor='apple'
compatlib='libpng.la'
datadir='${datarootdir}'
datarootdir='${prefix}/share'
docdir='${datarootdir}/doc/${PACKAGE_TARNAME}'
dvidir='${docdir}'
exec_prefix='${prefix}'
host='i386-apple-darwin9.5.0'
host_alias=''
host_cpu='i386'
host_os='darwin9.5.0'
host_vendor='apple'
htmldir='${docdir}'
includedir='${prefix}/include'
infodir='${datarootdir}/info'
install_sh='$(SHELL) /Users/tom/svn/7.3/jive/squeezeplay/src/libpng-1.2.32/install-sh'
libdir='${exec_prefix}/lib'
libexecdir='${exec_prefix}/libexec'
localedir='${datarootdir}/locale'
localstatedir='${prefix}/var'
lt_ECHO='/bin/echo'
mandir='${datarootdir}/man'
mkdir_p='$(top_builddir)/./install-sh -c -d'
oldincludedir='/usr/include'
pdfdir='${docdir}'
pkgconfigdir='${libdir}/pkgconfig'
prefix='/Users/tom/svn/7.3/jive/squeezeplay//build/osx'
program_transform_name='s,x,x,'
psdir='${docdir}'
sbindir='${exec_prefix}/sbin'
sharedstatedir='${prefix}/com'
sysconfdir='${prefix}/etc'
target_alias=''

## ----------- ##
## confdefs.h. ##
## ----------- ##

#define PACKAGE_NAME "libpng"
#define PACKAGE_TARNAME "libpng"
#define PACKAGE_VERSION "1.2.32"
#define PACKAGE_STRING "libpng 1.2.32"
#define PACKAGE_BUGREPORT "png-mng-implement@lists.sourceforge.net"
#define PACKAGE "libpng"
#define VERSION "1.2.32"
#define STDC_HEADERS 1
#define HAVE_SYS_TYPES_H 1
#define HAVE_SYS_STAT_H 1
#define HAVE_STDLIB_H 1
#define HAVE_STRING_H 1
#define HAVE_MEMORY_H 1
#define HAVE_STRINGS_H 1
#define HAVE_INTTYPES_H 1
#define HAVE_STDINT_H 1
#define HAVE_UNISTD_H 1
#define HAVE_DLFCN_H 1
#define LT_OBJDIR ".libs/"
#define STDC_HEADERS 1
#define HAVE_STDLIB_H 1
#define HAVE_STRING_H 1
#define HAVE_STRINGS_H 1
#define HAVE_MEMSET 1
#define HAVE_POW 1
#define HAVE_LIBZ 1

configure: exit 0
