This file contains any messages produced by compilers while
running configure, to aid debugging if configure makes a mistake.

It was created by FULL-PACKAGE-NAME configure VERSION, which was
generated by GNU Autoconf 2.61.  Invocation command line was

  $ ./configure --prefix=/usr

## --------- ##
## Platform. ##
## --------- ##

hostname = ubuntu
uname -m = i686
uname -r = 2.6.17-10-386
uname -s = Linux
uname -v = #2 Fri Oct 13 18:41:40 UTC 2006

/usr/bin/uname -p = unknown
/bin/uname -X     = unknown

/bin/arch              = i686
/usr/bin/arch -k       = unknown
/usr/convex/getsysinfo = unknown
/usr/bin/hostinfo      = unknown
/bin/machine           = unknown
/usr/bin/oslevel       = unknown
/bin/universe          = unknown

PATH: /usr/local/sbin
PATH: /usr/local/bin
PATH: /usr/sbin
PATH: /usr/bin
PATH: /sbin
PATH: /bin
PATH: /usr/bin/X11
PATH: /usr/games


## ----------- ##
## Core tests. ##
## ----------- ##

configure:1972: checking build system type
configure:1990: result: i686-pc-linux-gnu
configure:2012: checking host system type
configure:2027: result: i686-pc-linux-gnu
configure:2064: checking for a BSD-compatible install
configure:2120: result: /usr/bin/install -c
configure:2131: checking whether build environment is sane
configure:2174: result: yes
configure:2239: checking for gawk
configure:2269: result: no
configure:2239: checking for mawk
configure:2255: found /usr/bin/mawk
configure:2266: result: mawk
configure:2277: checking whether make sets $(MAKE)
configure:2298: result: yes
configure:2532: checking for gcc
configure:2548: found /usr/bin/gcc
configure:2559: result: gcc
configure:2797: checking for C compiler version
configure:2804: gcc --version >&5
gcc (GCC) 4.1.2 20060928 (prerelease) (Ubuntu 4.1.1-13ubuntu5)
Copyright (C) 2006 Free Software Foundation, Inc.
This is free software; see the source for copying conditions.  There is NO
warranty; not even for MERCHANTABILITY or FITNESS FOR A PARTICULAR PURPOSE.

configure:2807: $? = 0
configure:2814: gcc -v >&5
Using built-in specs.
Target: i486-linux-gnu
Configured with: ../src/configure -v --enable-languages=c,c++,fortran,objc,obj-c++,treelang --prefix=/usr --enable-shared --with-system-zlib --libexecdir=/usr/lib --without-included-gettext --enable-threads=posix --enable-nls --program-suffix=-4.1 --enable-__cxa_atexit --enable-clocale=gnu --enable-libstdcxx-debug --enable-mpfr --enable-checking=release i486-linux-gnu
Thread model: posix
gcc version 4.1.2 20060928 (prerelease) (Ubuntu 4.1.1-13ubuntu5)
configure:2817: $? = 0
configure:2824: gcc -V >&5
gcc: '-V' option must have argument
configure:2827: $? = 1
configure:2850: checking for C compiler default output file name
configure:2877: gcc -I/home/ubuntu/pad//build-linux/usr/include -DSLIM_DEVICES_JIVE -DJIVE_EMULATOR -g3  -L/home/ubuntu/pad//build-linux/usr/lib conftest.c  >&5
configure:2880: $? = 0
configure:2918: result: a.out
configure:2935: checking whether the C compiler works
configure:2945: ./a.out
configure:2948: $? = 0
configure:2965: result: yes
configure:2972: checking whether we are cross compiling
configure:2974: result: no
configure:2977: checking for suffix of executables
configure:2984: gcc -o conftest -I/home/ubuntu/pad//build-linux/usr/include -DSLIM_DEVICES_JIVE -DJIVE_EMULATOR -g3  -L/home/ubuntu/pad//build-linux/usr/lib conftest.c  >&5
configure:2987: $? = 0
configure:3011: result: 
configure:3017: checking for suffix of object files
configure:3043: gcc -c -I/home/ubuntu/pad//build-linux/usr/include -DSLIM_DEVICES_JIVE -DJIVE_EMULATOR -g3  conftest.c >&5
configure:3046: $? = 0
configure:3069: result: o
configure:3073: checking whether we are using the GNU C compiler
configure:3102: gcc -c -I/home/ubuntu/pad//build-linux/usr/include -DSLIM_DEVICES_JIVE -DJIVE_EMULATOR -g3  conftest.c >&5
configure:3108: $? = 0
configure:3125: result: yes
configure:3130: checking whether gcc accepts -g
configure:3160: gcc -c -g  conftest.c >&5
configure:3166: $? = 0
configure:3265: result: yes
configure:3282: checking for gcc option to accept ISO C89
configure:3356: gcc  -c -I/home/ubuntu/pad//build-linux/usr/include -DSLIM_DEVICES_JIVE -DJIVE_EMULATOR -g3  conftest.c >&5
configure:3362: $? = 0
configure:3385: result: none needed
configure:3414: checking for style of include used by make
configure:3442: result: GNU
configure:3470: checking dependency style of gcc
configure:3560: result: gcc3
configure:3649: checking for a sed that does not truncate output
configure:3703: result: /bin/sed
configure:3706: checking for grep that handles long lines and -e
configure:3780: result: /bin/grep
configure:3785: checking for egrep
configure:3863: result: /bin/grep -E
configure:3879: checking for ld used by gcc
configure:3946: result: /usr/bin/ld
configure:3955: checking if the linker (/usr/bin/ld) is GNU ld
configure:3970: result: yes
configure:3975: checking for /usr/bin/ld option to reload object files
configure:3982: result: -r
configure:4000: checking for BSD-compatible nm
configure:4042: result: /usr/bin/nm -B
configure:4046: checking whether ln -s works
configure:4050: result: yes
configure:4057: checking how to recognise dependent libraries
configure:4238: result: pass_all
configure:4449: checking how to run the C preprocessor
configure:4489: gcc -E  conftest.c
configure:4495: $? = 0
configure:4526: gcc -E  conftest.c
conftest.c:10:28: error: ac_nonexistent.h: No such file or directory
configure:4532: $? = 1
configure: failed program was:
| /* confdefs.h.  */
| #define PACKAGE_NAME "FULL-PACKAGE-NAME"
| #define PACKAGE_TARNAME "full-package-name"
| #define PACKAGE_VERSION "VERSION"
| #define PACKAGE_STRING "FULL-PACKAGE-NAME VERSION"
| #define PACKAGE_BUGREPORT "BUG-REPORT-ADDRESS"
| #define PACKAGE "full-package-name"
| #define VERSION "VERSION"
| /* end confdefs.h.  */
| #include <ac_nonexistent.h>
configure:4565: result: gcc -E
configure:4594: gcc -E  conftest.c
configure:4600: $? = 0
configure:4631: gcc -E  conftest.c
conftest.c:10:28: error: ac_nonexistent.h: No such file or directory
configure:4637: $? = 1
configure: failed program was:
| /* confdefs.h.  */
| #define PACKAGE_NAME "FULL-PACKAGE-NAME"
| #define PACKAGE_TARNAME "full-package-name"
| #define PACKAGE_VERSION "VERSION"
| #define PACKAGE_STRING "FULL-PACKAGE-NAME VERSION"
| #define PACKAGE_BUGREPORT "BUG-REPORT-ADDRESS"
| #define PACKAGE "full-package-name"
| #define VERSION "VERSION"
| /* end confdefs.h.  */
| #include <ac_nonexistent.h>
configure:4675: checking for ANSI C header files
configure:4705: gcc -c -I/home/ubuntu/pad//build-linux/usr/include -DSLIM_DEVICES_JIVE -DJIVE_EMULATOR -g3  conftest.c >&5
configure:4711: $? = 0
configure:4810: gcc -o conftest -I/home/ubuntu/pad//build-linux/usr/include -DSLIM_DEVICES_JIVE -DJIVE_EMULATOR -g3  -L/home/ubuntu/pad//build-linux/usr/lib conftest.c  >&5
configure:4813: $? = 0
configure:4819: ./conftest
configure:4822: $? = 0
configure:4839: result: yes
configure:4863: checking for sys/types.h
configure:4884: gcc -c -I/home/ubuntu/pad//build-linux/usr/include -DSLIM_DEVICES_JIVE -DJIVE_EMULATOR -g3  conftest.c >&5
configure:4890: $? = 0
configure:4906: result: yes
configure:4863: checking for sys/stat.h
configure:4884: gcc -c -I/home/ubuntu/pad//build-linux/usr/include -DSLIM_DEVICES_JIVE -DJIVE_EMULATOR -g3  conftest.c >&5
configure:4890: $? = 0
configure:4906: result: yes
configure:4863: checking for stdlib.h
configure:4884: gcc -c -I/home/ubuntu/pad//build-linux/usr/include -DSLIM_DEVICES_JIVE -DJIVE_EMULATOR -g3  conftest.c >&5
configure:4890: $? = 0
configure:4906: result: yes
configure:4863: checking for string.h
configure:4884: gcc -c -I/home/ubuntu/pad//build-linux/usr/include -DSLIM_DEVICES_JIVE -DJIVE_EMULATOR -g3  conftest.c >&5
configure:4890: $? = 0
configure:4906: result: yes
configure:4863: checking for memory.h
configure:4884: gcc -c -I/home/ubuntu/pad//build-linux/usr/include -DSLIM_DEVICES_JIVE -DJIVE_EMULATOR -g3  conftest.c >&5
configure:4890: $? = 0
configure:4906: result: yes
configure:4863: checking for strings.h
configure:4884: gcc -c -I/home/ubuntu/pad//build-linux/usr/include -DSLIM_DEVICES_JIVE -DJIVE_EMULATOR -g3  conftest.c >&5
configure:4890: $? = 0
configure:4906: result: yes
configure:4863: checking for inttypes.h
configure:4884: gcc -c -I/home/ubuntu/pad//build-linux/usr/include -DSLIM_DEVICES_JIVE -DJIVE_EMULATOR -g3  conftest.c >&5
configure:4890: $? = 0
configure:4906: result: yes
configure:4863: checking for stdint.h
configure:4884: gcc -c -I/home/ubuntu/pad//build-linux/usr/include -DSLIM_DEVICES_JIVE -DJIVE_EMULATOR -g3  conftest.c >&5
configure:4890: $? = 0
configure:4906: result: yes
configure:4863: checking for unistd.h
configure:4884: gcc -c -I/home/ubuntu/pad//build-linux/usr/include -DSLIM_DEVICES_JIVE -DJIVE_EMULATOR -g3  conftest.c >&5
configure:4890: $? = 0
configure:4906: result: yes
configure:4933: checking dlfcn.h usability
configure:4950: gcc -c -I/home/ubuntu/pad//build-linux/usr/include -DSLIM_DEVICES_JIVE -DJIVE_EMULATOR -g3  conftest.c >&5
configure:4956: $? = 0
configure:4970: result: yes
configure:4974: checking dlfcn.h presence
configure:4989: gcc -E  conftest.c
configure:4995: $? = 0
configure:5009: result: yes
configure:5042: checking for dlfcn.h
configure:5050: result: yes
configure:5121: checking for g++
configure:5137: found /usr/bin/g++
configure:5148: result: g++
configure:5179: checking for C++ compiler version
configure:5186: g++ --version >&5
g++ (GCC) 4.1.2 20060928 (prerelease) (Ubuntu 4.1.1-13ubuntu5)
Copyright (C) 2006 Free Software Foundation, Inc.
This is free software; see the source for copying conditions.  There is NO
warranty; not even for MERCHANTABILITY or FITNESS FOR A PARTICULAR PURPOSE.

configure:5189: $? = 0
configure:5196: g++ -v >&5
Using built-in specs.
Target: i486-linux-gnu
Configured with: ../src/configure -v --enable-languages=c,c++,fortran,objc,obj-c++,treelang --prefix=/usr --enable-shared --with-system-zlib --libexecdir=/usr/lib --without-included-gettext --enable-threads=posix --enable-nls --program-suffix=-4.1 --enable-__cxa_atexit --enable-clocale=gnu --enable-libstdcxx-debug --enable-mpfr --enable-checking=release i486-linux-gnu
Thread model: posix
gcc version 4.1.2 20060928 (prerelease) (Ubuntu 4.1.1-13ubuntu5)
configure:5199: $? = 0
configure:5206: g++ -V >&5
g++: '-V' option must have argument
configure:5209: $? = 1
configure:5212: checking whether we are using the GNU C++ compiler
configure:5241: g++ -c   conftest.cpp >&5
configure:5247: $? = 0
configure:5264: result: yes
configure:5269: checking whether g++ accepts -g
configure:5299: g++ -c -g  conftest.cpp >&5
configure:5305: $? = 0
configure:5404: result: yes
configure:5429: checking dependency style of g++
configure:5519: result: gcc3
configure:5541: checking how to run the C++ preprocessor
configure:5577: g++ -E  conftest.cpp
configure:5583: $? = 0
configure:5614: g++ -E  conftest.cpp
conftest.cpp:21:28: error: ac_nonexistent.h: No such file or directory
configure:5620: $? = 1
configure: failed program was:
| /* confdefs.h.  */
| #define PACKAGE_NAME "FULL-PACKAGE-NAME"
| #define PACKAGE_TARNAME "full-package-name"
| #define PACKAGE_VERSION "VERSION"
| #define PACKAGE_STRING "FULL-PACKAGE-NAME VERSION"
| #define PACKAGE_BUGREPORT "BUG-REPORT-ADDRESS"
| #define PACKAGE "full-package-name"
| #define VERSION "VERSION"
| #define STDC_HEADERS 1
| #define HAVE_SYS_TYPES_H 1
| #define HAVE_SYS_STAT_H 1
| #define HAVE_STDLIB_H 1
| #define HAVE_STRING_H 1
| #define HAVE_MEMORY_H 1
| #define HAVE_STRINGS_H 1
| #define HAVE_INTTYPES_H 1
| #define HAVE_STDINT_H 1
| #define HAVE_UNISTD_H 1
| #define HAVE_DLFCN_H 1
| /* end confdefs.h.  */
| #include <ac_nonexistent.h>
configure:5653: result: g++ -E
configure:5682: g++ -E  conftest.cpp
configure:5688: $? = 0
configure:5719: g++ -E  conftest.cpp
conftest.cpp:21:28: error: ac_nonexistent.h: No such file or directory
configure:5725: $? = 1
configure: failed program was:
| /* confdefs.h.  */
| #define PACKAGE_NAME "FULL-PACKAGE-NAME"
| #define PACKAGE_TARNAME "full-package-name"
| #define PACKAGE_VERSION "VERSION"
| #define PACKAGE_STRING "FULL-PACKAGE-NAME VERSION"
| #define PACKAGE_BUGREPORT "BUG-REPORT-ADDRESS"
| #define PACKAGE "full-package-name"
| #define VERSION "VERSION"
| #define STDC_HEADERS 1
| #define HAVE_SYS_TYPES_H 1
| #define HAVE_SYS_STAT_H 1
| #define HAVE_STDLIB_H 1
| #define HAVE_STRING_H 1
| #define HAVE_MEMORY_H 1
| #define HAVE_STRINGS_H 1
| #define HAVE_INTTYPES_H 1
| #define HAVE_STDINT_H 1
| #define HAVE_UNISTD_H 1
| #define HAVE_DLFCN_H 1
| /* end confdefs.h.  */
| #include <ac_nonexistent.h>
configure:5816: checking for g77
configure:5846: result: no
configure:5816: checking for xlf
configure:5846: result: no
configure:5816: checking for f77
configure:5846: result: no
configure:5816: checking for frt
configure:5846: result: no
configure:5816: checking for pgf77
configure:5846: result: no
configure:5816: checking for cf77
configure:5846: result: no
configure:5816: checking for fort77
configure:5846: result: no
configure:5816: checking for fl32
configure:5846: result: no
configure:5816: checking for af77
configure:5846: result: no
configure:5816: checking for xlf90
configure:5846: result: no
configure:5816: checking for f90
configure:5846: result: no
configure:5816: checking for pgf90
configure:5846: result: no
configure:5816: checking for pghpf
configure:5846: result: no
configure:5816: checking for epcf90
configure:5846: result: no
configure:5816: checking for gfortran
configure:5846: result: no
configure:5816: checking for g95
configure:5846: result: no
configure:5816: checking for xlf95
configure:5846: result: no
configure:5816: checking for f95
configure:5846: result: no
configure:5816: checking for fort
configure:5846: result: no
configure:5816: checking for ifort
configure:5846: result: no
configure:5816: checking for ifc
configure:5846: result: no
configure:5816: checking for efc
configure:5846: result: no
configure:5816: checking for pgf95
configure:5846: result: no
configure:5816: checking for lf95
configure:5846: result: no
configure:5816: checking for ftn
configure:5846: result: no
configure:5873: checking for Fortran 77 compiler version
configure:5880:  --version >&5
./configure: line 5881: --version: command not found
configure:5883: $? = 127
configure:5890:  -v >&5
./configure: line 5891: -v: command not found
configure:5893: $? = 127
configure:5900:  -V >&5
./configure: line 5901: -V: command not found
configure:5903: $? = 127
configure:5911: checking whether we are using the GNU Fortran 77 compiler
configure:5930:  -c  conftest.F >&5
./configure: line 5931: -c: command not found
configure:5936: $? = 127
configure: failed program was:
|       program main
| #ifndef __GNUC__
|        choke me
| #endif
| 
|       end
configure:5953: result: no
configure:5959: checking whether  accepts -g
configure:5976:  -c -g conftest.f >&5
./configure: line 5977: -c: command not found
configure:5982: $? = 127
configure: failed program was:
|       program main
| 
|       end
configure:5998: result: no
configure:6028: checking the maximum length of command line arguments
configure:6107: result: 32768
configure:6118: checking command to parse /usr/bin/nm -B output from gcc object
configure:6207: gcc -c -I/home/ubuntu/pad//build-linux/usr/include -DSLIM_DEVICES_JIVE -DJIVE_EMULATOR -g3  conftest.c >&5
configure:6210: $? = 0
configure:6214: /usr/bin/nm -B conftest.o \| sed -n -e 's/^.*[ 	]\([ABCDGIRSTW][ABCDGIRSTW]*\)[ 	][ 	]*\(\)\([_A-Za-z][_A-Za-z0-9]*\)$/\1 \2\3 \3/p' \> conftest.nm
configure:6217: $? = 0
configure:6269: gcc -o conftest -I/home/ubuntu/pad//build-linux/usr/include -DSLIM_DEVICES_JIVE -DJIVE_EMULATOR -g3  -L/home/ubuntu/pad//build-linux/usr/lib conftest.c conftstm.o >&5
configure:6272: $? = 0
configure:6310: result: ok
configure:6314: checking for objdir
configure:6329: result: .libs
configure:6421: checking for ar
configure:6437: found /usr/bin/ar
configure:6448: result: ar
configure:6517: checking for ranlib
configure:6533: found /usr/bin/ranlib
configure:6544: result: ranlib
configure:6613: checking for strip
configure:6629: found /usr/bin/strip
configure:6640: result: strip
configure:6918: checking if gcc static flag  works
configure:6941: result: yes
configure:6959: checking if gcc supports -fno-rtti -fno-exceptions
configure:6977: gcc -c -I/home/ubuntu/pad//build-linux/usr/include -DSLIM_DEVICES_JIVE -DJIVE_EMULATOR -g3  -fno-rtti -fno-exceptions conftest.c >&5
cc1: warning: command line option "-fno-rtti" is valid for C++/ObjC++ but not for C
configure:6981: $? = 0
configure:6992: result: no
configure:7007: checking for gcc option to produce PIC
configure:7194: result: -fPIC
configure:7202: checking if gcc PIC flag -fPIC works
configure:7220: gcc -c -I/home/ubuntu/pad//build-linux/usr/include -DSLIM_DEVICES_JIVE -DJIVE_EMULATOR -g3  -fPIC -DPIC conftest.c >&5
configure:7224: $? = 0
configure:7235: result: yes
configure:7259: checking if gcc supports -c -o file.o
configure:7280: gcc -c -I/home/ubuntu/pad//build-linux/usr/include -DSLIM_DEVICES_JIVE -DJIVE_EMULATOR -g3  -o out/conftest2.o conftest.c >&5
configure:7284: $? = 0
configure:7304: result: yes
configure:7330: checking whether the gcc linker (/usr/bin/ld) supports shared libraries
configure:8175: result: yes
configure:8201: checking whether -lc should be explicitly linked in
configure:8206: gcc -c -I/home/ubuntu/pad//build-linux/usr/include -DSLIM_DEVICES_JIVE -DJIVE_EMULATOR -g3  conftest.c >&5
configure:8209: $? = 0
configure:8223: gcc -shared conftest.o  -v -Wl,-soname -Wl,conftest -o conftest 2\>\&1 \| grep  -lc  \>/dev/null 2\>\&1
configure:8226: $? = 0
configure:8238: result: no
configure:8246: checking dynamic linker characteristics
configure:8786: result: GNU/Linux ld.so
configure:8790: checking how to hardcode library paths into programs
configure:8815: result: immediate
configure:8829: checking whether stripping libraries is possible
configure:8834: result: yes
configure:9631: checking if libtool supports shared libraries
configure:9633: result: yes
configure:9636: checking whether to build shared libraries
configure:9657: result: yes
configure:9660: checking whether to build static libraries
configure:9664: result: yes
configure:9756: creating libtool
configure:10303: checking for ld used by g++
configure:10370: result: /usr/bin/ld
configure:10379: checking if the linker (/usr/bin/ld) is GNU ld
configure:10394: result: yes
configure:10445: checking whether the g++ linker (/usr/bin/ld) supports shared libraries
configure:11306: result: yes
configure:11324: g++ -c -g -O2  conftest.cc >&5
configure:11327: $? = 0
configure:11423: checking for g++ option to produce PIC
configure:11685: result: -fPIC
configure:11693: checking if g++ PIC flag -fPIC works
configure:11711: g++ -c -g -O2  -fPIC -DPIC conftest.cc >&5
configure:11715: $? = 0
configure:11726: result: yes
configure:11750: checking if g++ supports -c -o file.o
configure:11771: g++ -c -g -O2  -o out/conftest2.o conftest.cc >&5
configure:11775: $? = 0
configure:11795: result: yes
configure:11821: checking whether the g++ linker (/usr/bin/ld) supports shared libraries
configure:11846: result: yes
configure:11917: checking dynamic linker characteristics
configure:12457: result: GNU/Linux ld.so
configure:12461: checking how to hardcode library paths into programs
configure:12486: result: immediate
configure:12500: checking whether stripping libraries is possible
configure:12505: result: yes
configure:19690: checking for ANSI C header files
configure:19854: result: yes
configure:19873: checking for stdlib.h
configure:19879: result: yes
configure:19873: checking for string.h
configure:19879: result: yes
configure:19883: checking sys/param.h usability
configure:19900: gcc -c -I/home/ubuntu/pad//build-linux/usr/include -DSLIM_DEVICES_JIVE -DJIVE_EMULATOR -g3  conftest.c >&5
configure:19906: $? = 0
configure:19920: result: yes
configure:19924: checking sys/param.h presence
configure:19939: gcc -E  conftest.c
configure:19945: $? = 0
configure:19959: result: yes
configure:19992: checking for sys/param.h
configure:20000: result: yes
configure:19883: checking syslog.h usability
configure:19900: gcc -c -I/home/ubuntu/pad//build-linux/usr/include -DSLIM_DEVICES_JIVE -DJIVE_EMULATOR -g3  conftest.c >&5
configure:19906: $? = 0
configure:19920: result: yes
configure:19924: checking syslog.h presence
configure:19939: gcc -E  conftest.c
configure:19945: $? = 0
configure:19959: result: yes
configure:19992: checking for syslog.h
configure:20000: result: yes
configure:19873: checking for unistd.h
configure:19879: result: yes
configure:20015: checking for an ANSI C-conforming const
configure:20090: gcc -c -I/home/ubuntu/pad//build-linux/usr/include -DSLIM_DEVICES_JIVE -DJIVE_EMULATOR -g3  conftest.c >&5
configure:20096: $? = 0
configure:20111: result: yes
configure:20121: checking for size_t
configure:20151: gcc -c -I/home/ubuntu/pad//build-linux/usr/include -DSLIM_DEVICES_JIVE -DJIVE_EMULATOR -g3  conftest.c >&5
configure:20157: $? = 0
configure:20172: result: yes
configure:20191: checking for stdlib.h
configure:20197: result: yes
configure:20331: checking for GNU libc compatible malloc
configure:20365: gcc -o conftest -I/home/ubuntu/pad//build-linux/usr/include -DSLIM_DEVICES_JIVE -DJIVE_EMULATOR -g3  -L/home/ubuntu/pad//build-linux/usr/lib conftest.c  >&5
configure:20368: $? = 0
configure:20374: ./conftest
configure:20377: $? = 0
configure:20393: result: yes
configure:20425: checking for vprintf
configure:20481: gcc -o conftest -I/home/ubuntu/pad//build-linux/usr/include -DSLIM_DEVICES_JIVE -DJIVE_EMULATOR -g3  -L/home/ubuntu/pad//build-linux/usr/lib conftest.c  >&5
conftest.c:52: warning: conflicting types for built-in function 'vprintf'
configure:20487: $? = 0
configure:20505: result: yes
configure:20512: checking for _doprnt
configure:20568: gcc -o conftest -I/home/ubuntu/pad//build-linux/usr/include -DSLIM_DEVICES_JIVE -DJIVE_EMULATOR -g3  -L/home/ubuntu/pad//build-linux/usr/lib conftest.c  >&5
/tmp/ccomMqXc.o: In function `main':
/home/ubuntu/pad/src/apps/luajson/conftest.c:64: undefined reference to `_doprnt'
collect2: ld returned 1 exit status
configure:20574: $? = 1
configure: failed program was:
| /* confdefs.h.  */
| #define PACKAGE_NAME "FULL-PACKAGE-NAME"
| #define PACKAGE_TARNAME "full-package-name"
| #define PACKAGE_VERSION "VERSION"
| #define PACKAGE_STRING "FULL-PACKAGE-NAME VERSION"
| #define PACKAGE_BUGREPORT "BUG-REPORT-ADDRESS"
| #define PACKAGE "full-package-name"
| #define VERSION "VERSION"
| #define STDC_HEADERS 1
| #define HAVE_SYS_TYPES_H 1
| #define HAVE_SYS_STAT_H 1
| #define HAVE_STDLIB_H 1
| #define HAVE_STRING_H 1
| #define HAVE_MEMORY_H 1
| #define HAVE_STRINGS_H 1
| #define HAVE_INTTYPES_H 1
| #define HAVE_STDINT_H 1
| #define HAVE_UNISTD_H 1
| #define HAVE_DLFCN_H 1
| #define STDC_HEADERS 1
| #define HAVE_STDLIB_H 1
| #define HAVE_STRING_H 1
| #define HAVE_SYS_PARAM_H 1
| #define HAVE_SYSLOG_H 1
| #define HAVE_UNISTD_H 1
| #define HAVE_STDLIB_H 1
| #define HAVE_MALLOC 1
| #define HAVE_VPRINTF 1
| /* end confdefs.h.  */
| /* Define _doprnt to an innocuous variant, in case <limits.h> declares _doprnt.
|    For example, HP-UX 11i <limits.h> declares gettimeofday.  */
| #define _doprnt innocuous__doprnt
| 
| /* System header to define __stub macros and hopefully few prototypes,
|     which can conflict with char _doprnt (); below.
|     Prefer <limits.h> to <assert.h> if __STDC__ is defined, since
|     <limits.h> exists even on freestanding compilers.  */
| 
| #ifdef __STDC__
| # include <limits.h>
| #else
| # include <assert.h>
| #endif
| 
| #undef _doprnt
| 
| /* Override any GCC internal prototype to avoid an error.
|    Use char because int might match the return type of a GCC
|    builtin and then its argument prototype would still apply.  */
| #ifdef __cplusplus
| extern "C"
| #endif
| char _doprnt ();
| /* The GNU C library defines this for functions which it implements
|     to always fail with ENOSYS.  Some functions are actually named
|     something starting with __ and the normal name is an alias.  */
| #if defined __stub__doprnt || defined __stub____doprnt
| choke me
| #endif
| 
| int
| main ()
| {
| return _doprnt ();
|   ;
|   return 0;
| }
configure:20591: result: no
configure:20611: checking for strchr
configure:20667: gcc -o conftest -I/home/ubuntu/pad//build-linux/usr/include -DSLIM_DEVICES_JIVE -DJIVE_EMULATOR -g3  -L/home/ubuntu/pad//build-linux/usr/lib conftest.c  >&5
conftest.c:53: warning: conflicting types for built-in function 'strchr'
configure:20673: $? = 0
configure:20691: result: yes
configure:20611: checking for strncasecmp
configure:20667: gcc -o conftest -I/home/ubuntu/pad//build-linux/usr/include -DSLIM_DEVICES_JIVE -DJIVE_EMULATOR -g3  -L/home/ubuntu/pad//build-linux/usr/lib conftest.c  >&5
conftest.c:54: warning: conflicting types for built-in function 'strncasecmp'
configure:20673: $? = 0
configure:20691: result: yes
configure:20611: checking for strndup
configure:20667: gcc -o conftest -I/home/ubuntu/pad//build-linux/usr/include -DSLIM_DEVICES_JIVE -DJIVE_EMULATOR -g3  -L/home/ubuntu/pad//build-linux/usr/lib conftest.c  >&5
conftest.c:55: warning: conflicting types for built-in function 'strndup'
configure:20673: $? = 0
configure:20691: result: yes
configure:20825: creating ./config.status

## ---------------------- ##
## Running config.status. ##
## ---------------------- ##

This file was extended by FULL-PACKAGE-NAME config.status VERSION, which was
generated by GNU Autoconf 2.61.  Invocation command line was

  CONFIG_FILES    = 
  CONFIG_HEADERS  = 
  CONFIG_LINKS    = 
  CONFIG_COMMANDS = 
  $ ./config.status 

on ubuntu

config.status:659: creating Makefile
config.status:659: creating src/config.h
config.status:938: executing depfiles commands

## ---------------- ##
## Cache variables. ##
## ---------------- ##

ac_cv_build=i686-pc-linux-gnu
ac_cv_c_compiler_gnu=yes
ac_cv_c_const=yes
ac_cv_cxx_compiler_gnu=yes
ac_cv_env_CCC_set=
ac_cv_env_CCC_value=
ac_cv_env_CC_set=
ac_cv_env_CC_value=
ac_cv_env_CFLAGS_set=set
ac_cv_env_CFLAGS_value='-I/home/ubuntu/pad//build-linux/usr/include -DSLIM_DEVICES_JIVE -DJIVE_EMULATOR -g3'
ac_cv_env_CPPFLAGS_set=
ac_cv_env_CPPFLAGS_value=
ac_cv_env_CPP_set=
ac_cv_env_CPP_value=
ac_cv_env_CXXCPP_set=
ac_cv_env_CXXCPP_value=
ac_cv_env_CXXFLAGS_set=
ac_cv_env_CXXFLAGS_value=
ac_cv_env_CXX_set=
ac_cv_env_CXX_value=
ac_cv_env_F77_set=
ac_cv_env_F77_value=
ac_cv_env_FFLAGS_set=
ac_cv_env_FFLAGS_value=
ac_cv_env_LDFLAGS_set=set
ac_cv_env_LDFLAGS_value=-L/home/ubuntu/pad//build-linux/usr/lib
ac_cv_env_LIBS_set=
ac_cv_env_LIBS_value=
ac_cv_env_build_alias_set=
ac_cv_env_build_alias_value=
ac_cv_env_host_alias_set=
ac_cv_env_host_alias_value=
ac_cv_env_target_alias_set=
ac_cv_env_target_alias_value=
ac_cv_f77_compiler_gnu=no
ac_cv_func__doprnt=no
ac_cv_func_malloc_0_nonnull=yes
ac_cv_func_strchr=yes
ac_cv_func_strncasecmp=yes
ac_cv_func_strndup=yes
ac_cv_func_vprintf=yes
ac_cv_header_dlfcn_h=yes
ac_cv_header_inttypes_h=yes
ac_cv_header_memory_h=yes
ac_cv_header_stdc=yes
ac_cv_header_stdint_h=yes
ac_cv_header_stdlib_h=yes
ac_cv_header_string_h=yes
ac_cv_header_strings_h=yes
ac_cv_header_sys_param_h=yes
ac_cv_header_sys_stat_h=yes
ac_cv_header_sys_types_h=yes
ac_cv_header_syslog_h=yes
ac_cv_header_unistd_h=yes
ac_cv_host=i686-pc-linux-gnu
ac_cv_objext=o
ac_cv_path_EGREP='/bin/grep -E'
ac_cv_path_GREP=/bin/grep
ac_cv_path_install='/usr/bin/install -c'
ac_cv_prog_AWK=mawk
ac_cv_prog_CPP='gcc -E'
ac_cv_prog_CXXCPP='g++ -E'
ac_cv_prog_ac_ct_AR=ar
ac_cv_prog_ac_ct_CC=gcc
ac_cv_prog_ac_ct_CXX=g++
ac_cv_prog_ac_ct_RANLIB=ranlib
ac_cv_prog_ac_ct_STRIP=strip
ac_cv_prog_cc_c89=
ac_cv_prog_cc_g=yes
ac_cv_prog_cxx_g=yes
ac_cv_prog_f77_g=no
ac_cv_prog_make_make_set=yes
ac_cv_type_size_t=yes
am_cv_CC_dependencies_compiler_type=gcc3
am_cv_CXX_dependencies_compiler_type=gcc3
lt_cv_deplibs_check_method=pass_all
lt_cv_file_magic_cmd='$MAGIC_CMD'
lt_cv_file_magic_test_file='/lib/libc.so.6 /lib/libc-2.4.so'
lt_cv_ld_reload_flag=-r
lt_cv_objdir=.libs
lt_cv_path_LD=/usr/bin/ld
lt_cv_path_LDCXX=/usr/bin/ld
lt_cv_path_NM='/usr/bin/nm -B'
lt_cv_path_SED=/bin/sed
lt_cv_prog_compiler_c_o=yes
lt_cv_prog_compiler_c_o_CXX=yes
lt_cv_prog_compiler_rtti_exceptions=no
lt_cv_prog_gnu_ld=yes
lt_cv_prog_gnu_ldcxx=yes
lt_cv_sys_global_symbol_pipe='sed -n -e '\''s/^.*[ 	]\([ABCDGIRSTW][ABCDGIRSTW]*\)[ 	][ 	]*\(\)\([_A-Za-z][_A-Za-z0-9]*\)$/\1 \2\3 \3/p'\'''
lt_cv_sys_global_symbol_to_c_name_address='sed -n -e '\''s/^: \([^ ]*\) $/  {\"\1\", (lt_ptr) 0},/p'\'' -e '\''s/^[BCDEGRST] \([^ ]*\) \([^ ]*\)$/  {"\2", (lt_ptr) \&\2},/p'\'''
lt_cv_sys_global_symbol_to_cdecl='sed -n -e '\''s/^. .* \(.*\)$/extern int \1;/p'\'''
lt_cv_sys_max_cmd_len=32768
lt_lt_cv_prog_compiler_c_o='"yes"'
lt_lt_cv_prog_compiler_c_o_CXX='"yes"'
lt_lt_cv_sys_global_symbol_pipe='"sed -n -e '\''s/^.*[ 	]\\([ABCDGIRSTW][ABCDGIRSTW]*\\)[ 	][ 	]*\\(\\)\\([_A-Za-z][_A-Za-z0-9]*\\)\$/\\1 \\2\\3 \\3/p'\''"'
lt_lt_cv_sys_global_symbol_to_c_name_address='"sed -n -e '\''s/^: \\([^ ]*\\) \$/  {\\\"\\1\\\", (lt_ptr) 0},/p'\'' -e '\''s/^[BCDEGRST] \\([^ ]*\\) \\([^ ]*\\)\$/  {\"\\2\", (lt_ptr) \\&\\2},/p'\''"'
lt_lt_cv_sys_global_symbol_to_cdecl='"sed -n -e '\''s/^. .* \\(.*\\)\$/extern int \\1;/p'\''"'

## ----------------- ##
## Output variables. ##
## ----------------- ##

ACLOCAL='${SHELL} /home/ubuntu/pad/src/apps/luajson/config/missing --run aclocal-1.9'
AMDEPBACKSLASH='\'
AMDEP_FALSE='#'
AMDEP_TRUE=''
AMTAR='${SHELL} /home/ubuntu/pad/src/apps/luajson/config/missing --run tar'
AR='ar'
AUTOCONF='${SHELL} /home/ubuntu/pad/src/apps/luajson/config/missing --run autoconf'
AUTOHEADER='${SHELL} /home/ubuntu/pad/src/apps/luajson/config/missing --run autoheader'
AUTOMAKE='${SHELL} /home/ubuntu/pad/src/apps/luajson/config/missing --run automake-1.9'
AWK='mawk'
CC='gcc'
CCDEPMODE='depmode=gcc3'
CFLAGS='-I/home/ubuntu/pad//build-linux/usr/include -DSLIM_DEVICES_JIVE -DJIVE_EMULATOR -g3'
CPP='gcc -E'
CPPFLAGS=''
CXX='g++'
CXXCPP='g++ -E'
CXXDEPMODE='depmode=gcc3'
CXXFLAGS='-g -O2'
CYGPATH_W='echo'
DEFS='-DHAVE_CONFIG_H'
DEPDIR='.deps'
ECHO='echo'
ECHO_C=''
ECHO_N='-n'
ECHO_T=''
EGREP='/bin/grep -E'
EXEEXT=''
F77=''
FFLAGS=''
GREP='/bin/grep'
INSTALL_DATA='${INSTALL} -m 644'
INSTALL_PROGRAM='${INSTALL}'
INSTALL_SCRIPT='${INSTALL}'
INSTALL_STRIP_PROGRAM='${SHELL} $(install_sh) -c -s'
LDFLAGS='-L/home/ubuntu/pad//build-linux/usr/lib'
LIBOBJS=''
LIBS=''
LIBTOOL='$(SHELL) $(top_builddir)/libtool'
LN_S='ln -s'
LTLIBOBJS=''
MAKEINFO='${SHELL} /home/ubuntu/pad/src/apps/luajson/config/missing --run makeinfo'
OBJEXT='o'
PACKAGE='full-package-name'
PACKAGE_BUGREPORT='BUG-REPORT-ADDRESS'
PACKAGE_NAME='FULL-PACKAGE-NAME'
PACKAGE_STRING='FULL-PACKAGE-NAME VERSION'
PACKAGE_TARNAME='full-package-name'
PACKAGE_VERSION='VERSION'
PATH_SEPARATOR=':'
RANLIB='ranlib'
SET_MAKE=''
SHELL='/bin/bash'
STRIP='strip'
VERSION='VERSION'
ac_ct_CC='gcc'
ac_ct_CXX='g++'
ac_ct_F77=''
am__fastdepCC_FALSE='#'
am__fastdepCC_TRUE=''
am__fastdepCXX_FALSE='#'
am__fastdepCXX_TRUE=''
am__include='include'
am__leading_dot='.'
am__quote=''
am__tar='${AMTAR} chof - "$$tardir"'
am__untar='${AMTAR} xf -'
bindir='${exec_prefix}/bin'
build='i686-pc-linux-gnu'
build_alias=''
build_cpu='i686'
build_os='linux-gnu'
build_vendor='pc'
datadir='${datarootdir}'
datarootdir='${prefix}/share'
docdir='${datarootdir}/doc/${PACKAGE_TARNAME}'
dvidir='${docdir}'
exec_prefix='${prefix}'
host='i686-pc-linux-gnu'
host_alias=''
host_cpu='i686'
host_os='linux-gnu'
host_vendor='pc'
htmldir='${docdir}'
includedir='${prefix}/include'
infodir='${datarootdir}/info'
install_sh='/home/ubuntu/pad/src/apps/luajson/config/install-sh'
libdir='${exec_prefix}/lib'
libexecdir='${exec_prefix}/libexec'
localedir='${datarootdir}/locale'
localstatedir='${prefix}/var'
mandir='${datarootdir}/man'
mkdir_p='mkdir -p --'
oldincludedir='/usr/include'
pdfdir='${docdir}'
prefix='/usr'
program_transform_name='s,x,x,'
psdir='${docdir}'
sbindir='${exec_prefix}/sbin'
sharedstatedir='${prefix}/com'
sysconfdir='${prefix}/etc'
target_alias=''

## ----------- ##
## confdefs.h. ##
## ----------- ##

#define PACKAGE_NAME "FULL-PACKAGE-NAME"
#define PACKAGE_TARNAME "full-package-name"
#define PACKAGE_VERSION "VERSION"
#define PACKAGE_STRING "FULL-PACKAGE-NAME VERSION"
#define PACKAGE_BUGREPORT "BUG-REPORT-ADDRESS"
#define PACKAGE "full-package-name"
#define VERSION "VERSION"
#define STDC_HEADERS 1
#define HAVE_SYS_TYPES_H 1
#define HAVE_SYS_STAT_H 1
#define HAVE_STDLIB_H 1
#define HAVE_STRING_H 1
#define HAVE_MEMORY_H 1
#define HAVE_STRINGS_H 1
#define HAVE_INTTYPES_H 1
#define HAVE_STDINT_H 1
#define HAVE_UNISTD_H 1
#define HAVE_DLFCN_H 1
#define STDC_HEADERS 1
#define HAVE_STDLIB_H 1
#define HAVE_STRING_H 1
#define HAVE_SYS_PARAM_H 1
#define HAVE_SYSLOG_H 1
#define HAVE_UNISTD_H 1
#define HAVE_STDLIB_H 1
#define HAVE_MALLOC 1
#define HAVE_VPRINTF 1
#define HAVE_STRCHR 1
#define HAVE_STRNCASECMP 1
#define HAVE_STRNDUP 1

configure: exit 0
